# JRE version: Java(TM) SE Runtime Environment (20.0.1+9) (build 20.0.1+9-29)
# Java VM: Java HotSpot(TM) 64-Bit Server VM (20.0.1+9-29, mixed mode, sharing, tiered, compressed oops, compressed class ptrs, g1 gc, bsd-aarch64)
GC Precious Log:
 CardTable entry size: 512
 Card Set container configuration: InlinePtr #cards 5 size 8 Array Of Cards #cards 12 size 40 Howl #buckets 4 coarsen threshold 1843 Howl Bitmap #cards 512 size 80 coarsen threshold 460 Card regions per heap region 1 cards per card region 2048
 CPUs: 8 total, 8 available
 Memory: 16384M
 Large Page Support: Disabled
 NUMA Support: Disabled
 Compressed Oops: Enabled (Zero based)
 Heap Region Size: 1M
 Heap Min Capacity: 8M
 Heap Initial Capacity: 256M
 Heap Max Capacity: 512M
 Pre-touch: Disabled
 Parallel Workers: 8
 Concurrent Workers: 2
 Concurrent Refinement Workers: 8
 Periodic GC: Disabled
Heap:
 garbage-first heap   total 264192K, used 92987K [0x00000007e0000000, 0x0000000800000000)
  region size 1024K, 91 young (93184K), 1 survivors (1024K)
 Metaspace       used 3916K, committed 4160K, reserved 1114112K
  class space    used 388K, committed 512K, reserved 1048576K
GC Heap History (16 events):
Event: 18.640 GC heap before
{Heap before GC invocations=0 (full 0):
 garbage-first heap   total 264192K, used 23520K [0x00000007e0000000, 0x0000000800000000)
  region size 1024K, 23 young (23552K), 0 survivors (0K)
 Metaspace       used 1379K, committed 1536K, reserved 1114112K
  class space    used 116K, committed 192K, reserved 1048576K
}
Event: 18.642 GC heap after
{Heap after GC invocations=1 (full 0):
 garbage-first heap   total 264192K, used 1925K [0x00000007e0000000, 0x0000000800000000)
  region size 1024K, 1 young (1024K), 1 survivors (1024K)
 Metaspace       used 1379K, committed 1536K, reserved 1114112K
  class space    used 116K, committed 192K, reserved 1048576K
}
Event: 104.834 GC heap before
{Heap before GC invocations=1 (full 0):
 garbage-first heap   total 264192K, used 76677K [0x00000007e0000000, 0x0000000800000000)
  region size 1024K, 74 young (75776K), 1 survivors (1024K)
 Metaspace       used 1546K, committed 1728K, reserved 1114112K
  class space    used 129K, committed 192K, reserved 1048576K
}
Event: 104.836 GC heap after
{Heap after GC invocations=2 (full 0):
 garbage-first heap   total 264192K, used 1864K [0x00000007e0000000, 0x0000000800000000)
  region size 1024K, 1 young (1024K), 1 survivors (1024K)
 Metaspace       used 1546K, committed 1728K, reserved 1114112K
  class space    used 129K, committed 192K, reserved 1048576K
}
Event: 392.647 GC heap before
{Heap before GC invocations=2 (full 0):
 garbage-first heap   total 264192K, used 157512K [0x00000007e0000000, 0x0000000800000000)
  region size 1024K, 153 young (156672K), 1 survivors (1024K)
 Metaspace       used 1572K, committed 1728K, reserved 1114112K
  class space    used 129K, committed 192K, reserved 1048576K
}
Event: 392.649 GC heap after
{Heap after GC invocations=3 (full 0):
 garbage-first heap   total 264192K, used 1878K [0x00000007e0000000, 0x0000000800000000)
  region size 1024K, 1 young (1024K), 1 survivors (1024K)
 Metaspace       used 1572K, committed 1728K, reserved 1114112K
  class space    used 129K, committed 192K, reserved 1048576K
}
Event: 648.604 GC heap before
{Heap before GC invocations=3 (full 0):
 garbage-first heap   total 264192K, used 157526K [0x00000007e0000000, 0x0000000800000000)
  region size 1024K, 153 young (156672K), 1 survivors (1024K)
 Metaspace       used 1575K, committed 1728K, reserved 1114112K
  class space    used 129K, committed 192K, reserved 1048576K
}
Event: 648.609 GC heap after
{Heap after GC invocations=4 (full 0):
 garbage-first heap   total 264192K, used 1896K [0x00000007e0000000, 0x0000000800000000)
  region size 1024K, 1 young (1024K), 1 survivors (1024K)
 Metaspace       used 1575K, committed 1728K, reserved 1114112K
  class space    used 129K, committed 192K, reserved 1048576K
}
Event: 791.990 GC heap before
{Heap before GC invocations=4 (full 0):
 garbage-first heap   total 264192K, used 157544K [0x00000007e0000000, 0x0000000800000000)
  region size 1024K, 153 young (156672K), 1 survivors (1024K)
 Metaspace       used 1583K, committed 1728K, reserved 1114112K
  class space    used 129K, committed 192K, reserved 1048576K
}
Event: 791.991 GC heap after
{Heap after GC invocations=5 (full 0):
 garbage-first heap   total 264192K, used 2067K [0x00000007e0000000, 0x0000000800000000)
  region size 1024K, 2 young (2048K), 2 survivors (2048K)
 Metaspace       used 1583K, committed 1728K, reserved 1114112K
  class space    used 129K, committed 192K, reserved 1048576K
}
Event: 820.561 GC heap before
{Heap before GC invocations=5 (full 0):
 garbage-first heap   total 264192K, used 156691K [0x00000007e0000000, 0x0000000800000000)
  region size 1024K, 153 young (156672K), 2 survivors (2048K)
 Metaspace       used 1586K, committed 1792K, reserved 1114112K
  class space    used 129K, committed 192K, reserved 1048576K
}
Event: 820.562 GC heap after
{Heap after GC invocations=6 (full 0):
 garbage-first heap   total 264192K, used 2101K [0x00000007e0000000, 0x0000000800000000)
  region size 1024K, 2 young (2048K), 2 survivors (2048K)
 Metaspace       used 1586K, committed 1792K, reserved 1114112K
  class space    used 129K, committed 192K, reserved 1048576K
}
Event: 841.620 GC heap before
{Heap before GC invocations=6 (full 0):
 garbage-first heap   total 264192K, used 156725K [0x00000007e0000000, 0x0000000800000000)
  region size 1024K, 153 young (156672K), 2 survivors (2048K)
 Metaspace       used 1587K, committed 1792K, reserved 1114112K
  class space    used 129K, committed 192K, reserved 1048576K
}
Event: 841.621 GC heap after
{Heap after GC invocations=7 (full 0):
 garbage-first heap   total 264192K, used 2217K [0x00000007e0000000, 0x0000000800000000)
  region size 1024K, 2 young (2048K), 2 survivors (2048K)
 Metaspace       used 1587K, committed 1792K, reserved 1114112K
  class space    used 129K, committed 192K, reserved 1048576K
}
Event: 1374.380 GC heap before
{Heap before GC invocations=7 (full 0):
 garbage-first heap   total 264192K, used 156841K [0x00000007e0000000, 0x0000000800000000)
  region size 1024K, 153 young (156672K), 2 survivors (2048K)
 Metaspace       used 1595K, committed 1792K, reserved 1114112K
  class space    used 129K, committed 192K, reserved 1048576K
}
Event: 1374.382 GC heap after
{Heap after GC invocations=8 (full 0):
 garbage-first heap   total 264192K, used 1851K [0x00000007e0000000, 0x0000000800000000)
  region size 1024K, 1 young (1024K), 1 survivors (1024K)
 Metaspace       used 1595K, committed 1792K, reserved 1114112K
  class space    used 129K, committed 192K, reserved 1048576K
}

